<?xml version="1.0" encoding="UTF-8"?>
<!-- Generated by org.testng.reporters.JUnitReportReporter -->
<testsuite hostname="LAPTOP-0QJFP7EQ" failures="0" tests="3" name="testngPractice.Sample1Test" time="0.019" errors="0" timestamp="2022-11-28T22:28:29 IST" skipped="0">
  <testcase classname="testngPractice.Sample1Test" name="creatTest" time="0.003"/>
  <system-out/>
  <testcase classname="testngPractice.Sample1Test" name="creatTest" time="0.003"/>
  <system-out/>
  <testcase classname="testngPractice.Sample1Test" name="creatTest" time="0.013"/>
  <system-out/>
</testsuite> <!-- testngPractice.Sample1Test -->
